Using pre-set license
Built from '2021.3/staging' branch; Version is '2021.3.8f1 (b30333d56e81) revision 11731763'; Using compiler version '192829333'; Build Type 'Release'
OS: 'Windows 10  (10.0.18362) 64bit Professional' Language: 'ko' Physical Memory: 8144 MB
BatchMode: 1, IsHumanControllingUs: 0, StartBugReporterOnCrash: 0, Is64bit: 1, IsPro: 1

COMMAND LINE ARGUMENTS:
C:\Program Files\Unity\Hub\Editor\2021.3.8f1\Editor\Unity.exe
-adb2
-batchMode
-noUpm
-name
AssetImportWorker3
-projectPath
C:/Users/Administrator/Documents/GitHub/Project_A/Proj_A
-logFile
Logs/AssetImportWorker3.log
-srvPort
55797
Successfully changed project path to: C:/Users/Administrator/Documents/GitHub/Project_A/Proj_A
C:/Users/Administrator/Documents/GitHub/Project_A/Proj_A
[UnityMemory] Configuration Parameters - Can be set up in boot.config
    "memorysetup-bucket-allocator-granularity=16"
    "memorysetup-bucket-allocator-bucket-count=8"
    "memorysetup-bucket-allocator-block-size=33554432"
    "memorysetup-bucket-allocator-block-count=8"
    "memorysetup-main-allocator-block-size=16777216"
    "memorysetup-thread-allocator-block-size=16777216"
    "memorysetup-gfx-main-allocator-block-size=16777216"
    "memorysetup-gfx-thread-allocator-block-size=16777216"
    "memorysetup-cache-allocator-block-size=4194304"
    "memorysetup-typetree-allocator-block-size=2097152"
    "memorysetup-profiler-bucket-allocator-granularity=16"
    "memorysetup-profiler-bucket-allocator-bucket-count=8"
    "memorysetup-profiler-bucket-allocator-block-size=33554432"
    "memorysetup-profiler-bucket-allocator-block-count=8"
    "memorysetup-profiler-allocator-block-size=16777216"
    "memorysetup-profiler-editor-allocator-block-size=1048576"
    "memorysetup-temp-allocator-size-main=16777216"
    "memorysetup-job-temp-allocator-block-size=2097152"
    "memorysetup-job-temp-allocator-block-size-background=1048576"
    "memorysetup-job-temp-allocator-reduction-small-platforms=262144"
    "memorysetup-temp-allocator-size-background-worker=32768"
    "memorysetup-temp-allocator-size-job-worker=262144"
    "memorysetup-temp-allocator-size-preload-manager=33554432"
    "memorysetup-temp-allocator-size-nav-mesh-worker=65536"
    "memorysetup-temp-allocator-size-audio-worker=65536"
    "memorysetup-temp-allocator-size-cloud-worker=32768"
    "memorysetup-temp-allocator-size-gi-baking-worker=262144"
    "memorysetup-temp-allocator-size-gfx=262144"
Refreshing native plugins compatible for Editor in 370.22 ms, found 3 plugins.
Preloading 0 native plugins for Editor in 0.00 ms.
Initialize engine version: 2021.3.8f1 (b30333d56e81)
[Subsystems] Discovering subsystems at path C:/Program Files/Unity/Hub/Editor/2021.3.8f1/Editor/Data/Resources/UnitySubsystems
[Subsystems] Discovering subsystems at path C:/Users/Administrator/Documents/GitHub/Project_A/Proj_A/Assets
GfxDevice: creating device client; threaded=0; jobified=0
Direct3D:
    Version:  Direct3D 11.0 [level 11.0]
    Renderer: NVIDIA GeForce GTX 750 (ID=0x1381)
    Vendor:   NVIDIA
    VRAM:     984 MB
    Driver:   31.0.15.1659
Initialize mono
Mono path[0] = 'C:/Program Files/Unity/Hub/Editor/2021.3.8f1/Editor/Data/Managed'
Mono path[1] = 'C:/Program Files/Unity/Hub/Editor/2021.3.8f1/Editor/Data/MonoBleedingEdge/lib/mono/unityjit-win32'
Mono config path = 'C:/Program Files/Unity/Hub/Editor/2021.3.8f1/Editor/Data/MonoBleedingEdge/etc'
Using monoOptions --debugger-agent=transport=dt_socket,embedding=1,server=y,suspend=n,address=127.0.0.1:56388
Begin MonoManager ReloadAssembly
Registering precompiled unity dll's ...
Register platform support module: C:/Program Files/Unity/Hub/Editor/2021.3.8f1/Editor/Data/PlaybackEngines/WindowsStandaloneSupport/UnityEditor.WindowsStandalone.Extensions.dll
Registered in 0.006869 seconds.
Native extension for WindowsStandalone target not found
Refreshing native plugins compatible for Editor in 93.73 ms, found 3 plugins.
Preloading 0 native plugins for Editor in 0.00 ms.
Mono: successfully reloaded assembly
- Completed reload, in  1.180 seconds
Domain Reload Profiling:
	ReloadAssembly (1181ms)
		BeginReloadAssembly (384ms)
			ExecutionOrderSort (0ms)
			DisableScriptedObjects (0ms)
			BackupInstance (0ms)
			ReleaseScriptingObjects (0ms)
			CreateAndSetChildDomain (1ms)
		EndReloadAssembly (553ms)
			LoadAssemblies (382ms)
			RebuildTransferFunctionScriptingTraits (0ms)
			SetupTypeCache (143ms)
			ReleaseScriptCaches (0ms)
			RebuildScriptCaches (39ms)
			SetupLoadedEditorAssemblies (308ms)
				LogAssemblyErrors (0ms)
				InitializePlatformSupportModulesInManaged (10ms)
				SetLoadedEditorAssemblies (0ms)
				RefreshPlugins (94ms)
				BeforeProcessingInitializeOnLoad (2ms)
				ProcessInitializeOnLoadAttributes (146ms)
				ProcessInitializeOnLoadMethodAttributes (56ms)
				AfterProcessingInitializeOnLoad (0ms)
				EditorAssembliesLoaded (0ms)
			ExecutionOrderSort2 (0ms)
			AwakeInstancesAfterBackupRestoration (0ms)
Platform modules already initialized, skipping
Registering precompiled user dll's ...
Registered in 0.006946 seconds.
Begin MonoManager ReloadAssembly
Native extension for WindowsStandalone target not found
Refreshing native plugins compatible for Editor in 0.72 ms, found 3 plugins.
Preloading 0 native plugins for Editor in 0.00 ms.
Mono: successfully reloaded assembly
- Completed reload, in  2.755 seconds
Domain Reload Profiling:
	ReloadAssembly (2756ms)
		BeginReloadAssembly (644ms)
			ExecutionOrderSort (0ms)
			DisableScriptedObjects (20ms)
			BackupInstance (0ms)
			ReleaseScriptingObjects (0ms)
			CreateAndSetChildDomain (49ms)
		EndReloadAssembly (1535ms)
			LoadAssemblies (566ms)
			RebuildTransferFunctionScriptingTraits (0ms)
			SetupTypeCache (708ms)
			ReleaseScriptCaches (1ms)
			RebuildScriptCaches (65ms)
			SetupLoadedEditorAssemblies (477ms)
				LogAssemblyErrors (0ms)
				InitializePlatformSupportModulesInManaged (8ms)
				SetLoadedEditorAssemblies (1ms)
				RefreshPlugins (1ms)
				BeforeProcessingInitializeOnLoad (115ms)
				ProcessInitializeOnLoadAttributes (304ms)
				ProcessInitializeOnLoadMethodAttributes (38ms)
				AfterProcessingInitializeOnLoad (9ms)
				EditorAssembliesLoaded (2ms)
			ExecutionOrderSort2 (0ms)
			AwakeInstancesAfterBackupRestoration (8ms)
Platform modules already initialized, skipping
========================================================================
Worker process is ready to serve import requests
Launched and connected shader compiler UnityShaderCompiler.exe after 0.07 seconds
Refreshing native plugins compatible for Editor in 0.64 ms, found 3 plugins.
Preloading 0 native plugins for Editor in 0.00 ms.
Unloading 3394 Unused Serialized files (Serialized files now loaded: 0)
Unloading 25 unused Assets / (55.3 KB). Loaded Objects now: 3858.
Memory consumption went from 118.2 MB to 118.2 MB.
Total: 3.742100 ms (FindLiveObjects: 0.387500 ms CreateObjectMapping: 0.348100 ms MarkObjects: 2.899200 ms  DeleteObjects: 0.105200 ms)

AssetImportParameters requested are different than current active one (requested -> active):
  custom:video-decoder-ogg-theora: a1e56fd34408186e4bbccfd4996cb3dc -> 
  custom:container-muxer-webm: aa71ff27fc2769a1b78a27578f13a17b -> 
  custom:container-demuxer-webm: 4f35f7cbe854078d1ac9338744f61a02 -> 
  custom:video-encoder-webm-vp8: eb34c28f22e8b96e1ab97ce403110664 -> 
  custom:audio-encoder-webm-vorbis: bf7c407c2cedff20999df2af8eb42d56 -> 
  custom:framework-win-MediaFoundation: 216162199b28c13a410421893ffa2e32 -> 
  custom:container-demuxer-ogg: 62fdf1f143b41e24485cea50d1cbac27 -> 
  custom:video-decoder-webm-vp8: 9c59270c3fd7afecdb556c50c9e8de78 -> 
  custom:audio-decoder-ogg-vorbis: bf7c407c2cedff20999df2af8eb42d56 -> 
========================================================================
Received Prepare
Registering precompiled user dll's ...
Registered in 0.007322 seconds.
Begin MonoManager ReloadAssembly
Native extension for WindowsStandalone target not found
Refreshing native plugins compatible for Editor in 0.84 ms, found 3 plugins.
Preloading 0 native plugins for Editor in 0.00 ms.
Mono: successfully reloaded assembly
- Completed reload, in  1.420 seconds
Domain Reload Profiling:
	ReloadAssembly (1422ms)
		BeginReloadAssembly (169ms)
			ExecutionOrderSort (0ms)
			DisableScriptedObjects (7ms)
			BackupInstance (0ms)
			ReleaseScriptingObjects (0ms)
			CreateAndSetChildDomain (46ms)
		EndReloadAssembly (1135ms)
			LoadAssemblies (109ms)
			RebuildTransferFunctionScriptingTraits (0ms)
			SetupTypeCache (331ms)
			ReleaseScriptCaches (1ms)
			RebuildScriptCaches (65ms)
			SetupLoadedEditorAssemblies (550ms)
				LogAssemblyErrors (0ms)
				InitializePlatformSupportModulesInManaged (19ms)
				SetLoadedEditorAssemblies (1ms)
				RefreshPlugins (1ms)
				BeforeProcessingInitializeOnLoad (111ms)
				ProcessInitializeOnLoadAttributes (357ms)
				ProcessInitializeOnLoadMethodAttributes (50ms)
				AfterProcessingInitializeOnLoad (11ms)
				EditorAssembliesLoaded (0ms)
			ExecutionOrderSort2 (0ms)
			AwakeInstancesAfterBackupRestoration (11ms)
Platform modules already initialized, skipping
Refreshing native plugins compatible for Editor in 5.09 ms, found 3 plugins.
Preloading 0 native plugins for Editor in 0.00 ms.
Unloading 3386 Unused Serialized files (Serialized files now loaded: 0)
Unloading 18 unused Assets / (24.7 KB). Loaded Objects now: 3861.
Memory consumption went from 117.9 MB to 117.8 MB.
Total: 4.711500 ms (FindLiveObjects: 0.687300 ms CreateObjectMapping: 0.312600 ms MarkObjects: 3.660200 ms  DeleteObjects: 0.049900 ms)

AssetImportParameters requested are different than current active one (requested -> active):
  custom:video-decoder-ogg-theora: a1e56fd34408186e4bbccfd4996cb3dc -> 
  custom:container-muxer-webm: aa71ff27fc2769a1b78a27578f13a17b -> 
  custom:container-demuxer-webm: 4f35f7cbe854078d1ac9338744f61a02 -> 
  custom:video-encoder-webm-vp8: eb34c28f22e8b96e1ab97ce403110664 -> 
  custom:audio-encoder-webm-vorbis: bf7c407c2cedff20999df2af8eb42d56 -> 
  custom:framework-win-MediaFoundation: 216162199b28c13a410421893ffa2e32 -> 
  custom:container-demuxer-ogg: 62fdf1f143b41e24485cea50d1cbac27 -> 
  custom:video-decoder-webm-vp8: 9c59270c3fd7afecdb556c50c9e8de78 -> 
  custom:audio-decoder-ogg-vorbis: bf7c407c2cedff20999df2af8eb42d56 -> 
========================================================================
Received Prepare
Registering precompiled user dll's ...
Registered in 0.006707 seconds.
Begin MonoManager ReloadAssembly
Native extension for WindowsStandalone target not found
Refreshing native plugins compatible for Editor in 0.89 ms, found 3 plugins.
Preloading 0 native plugins for Editor in 0.00 ms.
Mono: successfully reloaded assembly
- Completed reload, in  1.446 seconds
Domain Reload Profiling:
	ReloadAssembly (1448ms)
		BeginReloadAssembly (170ms)
			ExecutionOrderSort (0ms)
			DisableScriptedObjects (7ms)
			BackupInstance (0ms)
			ReleaseScriptingObjects (0ms)
			CreateAndSetChildDomain (45ms)
		EndReloadAssembly (1160ms)
			LoadAssemblies (117ms)
			RebuildTransferFunctionScriptingTraits (0ms)
			SetupTypeCache (326ms)
			ReleaseScriptCaches (2ms)
			RebuildScriptCaches (61ms)
			SetupLoadedEditorAssemblies (583ms)
				LogAssemblyErrors (0ms)
				InitializePlatformSupportModulesInManaged (21ms)
				SetLoadedEditorAssemblies (1ms)
				RefreshPlugins (1ms)
				BeforeProcessingInitializeOnLoad (117ms)
				ProcessInitializeOnLoadAttributes (396ms)
				ProcessInitializeOnLoadMethodAttributes (35ms)
				AfterProcessingInitializeOnLoad (13ms)
				EditorAssembliesLoaded (1ms)
			ExecutionOrderSort2 (0ms)
			AwakeInstancesAfterBackupRestoration (9ms)
Platform modules already initialized, skipping
Refreshing native plugins compatible for Editor in 3.59 ms, found 3 plugins.
Preloading 0 native plugins for Editor in 0.00 ms.
Unloading 3386 Unused Serialized files (Serialized files now loaded: 0)
Unloading 18 unused Assets / (24.7 KB). Loaded Objects now: 3864.
Memory consumption went from 117.9 MB to 117.8 MB.
Total: 5.454200 ms (FindLiveObjects: 0.405000 ms CreateObjectMapping: 0.242300 ms MarkObjects: 4.772400 ms  DeleteObjects: 0.033100 ms)

AssetImportParameters requested are different than current active one (requested -> active):
  custom:video-decoder-ogg-theora: a1e56fd34408186e4bbccfd4996cb3dc -> 
  custom:container-muxer-webm: aa71ff27fc2769a1b78a27578f13a17b -> 
  custom:container-demuxer-webm: 4f35f7cbe854078d1ac9338744f61a02 -> 
  custom:video-encoder-webm-vp8: eb34c28f22e8b96e1ab97ce403110664 -> 
  custom:audio-encoder-webm-vorbis: bf7c407c2cedff20999df2af8eb42d56 -> 
  custom:framework-win-MediaFoundation: 216162199b28c13a410421893ffa2e32 -> 
  custom:container-demuxer-ogg: 62fdf1f143b41e24485cea50d1cbac27 -> 
  custom:video-decoder-webm-vp8: 9c59270c3fd7afecdb556c50c9e8de78 -> 
  custom:audio-decoder-ogg-vorbis: bf7c407c2cedff20999df2af8eb42d56 -> 
========================================================================
Received Prepare
Registering precompiled user dll's ...
Registered in 0.007217 seconds.
Begin MonoManager ReloadAssembly
Native extension for WindowsStandalone target not found
Refreshing native plugins compatible for Editor in 0.77 ms, found 3 plugins.
Preloading 0 native plugins for Editor in 0.00 ms.
Mono: successfully reloaded assembly
- Completed reload, in  1.521 seconds
Domain Reload Profiling:
	ReloadAssembly (1521ms)
		BeginReloadAssembly (167ms)
			ExecutionOrderSort (0ms)
			DisableScriptedObjects (7ms)
			BackupInstance (0ms)
			ReleaseScriptingObjects (0ms)
			CreateAndSetChildDomain (46ms)
		EndReloadAssembly (1234ms)
			LoadAssemblies (115ms)
			RebuildTransferFunctionScriptingTraits (0ms)
			SetupTypeCache (340ms)
			ReleaseScriptCaches (2ms)
			RebuildScriptCaches (78ms)
			SetupLoadedEditorAssemblies (590ms)
				LogAssemblyErrors (0ms)
				InitializePlatformSupportModulesInManaged (24ms)
				SetLoadedEditorAssemblies (1ms)
				RefreshPlugins (1ms)
				BeforeProcessingInitializeOnLoad (123ms)
				ProcessInitializeOnLoadAttributes (379ms)
				ProcessInitializeOnLoadMethodAttributes (50ms)
				AfterProcessingInitializeOnLoad (11ms)
				EditorAssembliesLoaded (0ms)
			ExecutionOrderSort2 (0ms)
			AwakeInstancesAfterBackupRestoration (11ms)
Platform modules already initialized, skipping
Refreshing native plugins compatible for Editor in 2.54 ms, found 3 plugins.
Preloading 0 native plugins for Editor in 0.00 ms.
Unloading 3386 Unused Serialized files (Serialized files now loaded: 0)
Unloading 18 unused Assets / (24.7 KB). Loaded Objects now: 3867.
Memory consumption went from 117.9 MB to 117.9 MB.
Total: 3.591800 ms (FindLiveObjects: 0.371900 ms CreateObjectMapping: 0.244400 ms MarkObjects: 2.937400 ms  DeleteObjects: 0.036900 ms)

AssetImportParameters requested are different than current active one (requested -> active):
  custom:video-decoder-ogg-theora: a1e56fd34408186e4bbccfd4996cb3dc -> 
  custom:container-muxer-webm: aa71ff27fc2769a1b78a27578f13a17b -> 
  custom:container-demuxer-webm: 4f35f7cbe854078d1ac9338744f61a02 -> 
  custom:video-encoder-webm-vp8: eb34c28f22e8b96e1ab97ce403110664 -> 
  custom:audio-encoder-webm-vorbis: bf7c407c2cedff20999df2af8eb42d56 -> 
  custom:framework-win-MediaFoundation: 216162199b28c13a410421893ffa2e32 -> 
  custom:container-demuxer-ogg: 62fdf1f143b41e24485cea50d1cbac27 -> 
  custom:video-decoder-webm-vp8: 9c59270c3fd7afecdb556c50c9e8de78 -> 
  custom:audio-decoder-ogg-vorbis: bf7c407c2cedff20999df2af8eb42d56 -> 
========================================================================
Received Import Request.
  Time since last request: 15702.999632 seconds.
  path: Assets/3_Prefab/Ceiling.prefab
  artifactKey: Guid(0644ec5c8cc359d49b89d280a5636513) Importer(815301076,1909f56bfc062723c751e8b465ee728b)
Start importing Assets/3_Prefab/Ceiling.prefab using Guid(0644ec5c8cc359d49b89d280a5636513) Importer(815301076,1909f56bfc062723c751e8b465ee728b)  -> (artifact id: '21d0c432a9b3a5726441a7418ec7574f') in 0.395385 seconds 
========================================================================
Received Import Request.
  Time since last request: 0.000030 seconds.
  path: Assets/Asset/Dnk_Dev/HospitalHorrorPack/Prefab/P_Module_DoorRoom_01.prefab
  artifactKey: Guid(3889b3008743b404aba704ca0f2f2989) Importer(815301076,1909f56bfc062723c751e8b465ee728b)
Start importing Assets/Asset/Dnk_Dev/HospitalHorrorPack/Prefab/P_Module_DoorRoom_01.prefab using Guid(3889b3008743b404aba704ca0f2f2989) Importer(815301076,1909f56bfc062723c751e8b465ee728b)  -> (artifact id: '905257b7a98e34cdeeebc1615dec8011') in 0.460027 seconds 
========================================================================
Received Import Request.
  Time since last request: 0.000039 seconds.
  path: Assets/Adventure_Character/Mesh/Man_Mesh.FBX
  artifactKey: Guid(b8a7488d12adc39498433d60811eab1a) Importer(815301076,1909f56bfc062723c751e8b465ee728b)
Start importing Assets/Adventure_Character/Mesh/Man_Mesh.FBX using Guid(b8a7488d12adc39498433d60811eab1a) Importer(815301076,1909f56bfc062723c751e8b465ee728b)  -> (artifact id: '396aa6870b93f5ab2d70f032e431c024') in 1.198341 seconds 
========================================================================
Received Import Request.
  Time since last request: 0.000176 seconds.
  path: Assets/Asset/Dnk_Dev/HospitalHorrorPack/Prefab/P_Ceiling_01.prefab
  artifactKey: Guid(b0f7abaadca23ea4d910efe028624076) Importer(815301076,1909f56bfc062723c751e8b465ee728b)
Start importing Assets/Asset/Dnk_Dev/HospitalHorrorPack/Prefab/P_Ceiling_01.prefab using Guid(b0f7abaadca23ea4d910efe028624076) Importer(815301076,1909f56bfc062723c751e8b465ee728b)  -> (artifact id: '87afc80bc0cdb350504b63745c8a55f4') in 0.049520 seconds 
========================================================================
Received Import Request.
  Time since last request: 0.000032 seconds.
  path: Assets/Asset/Dnk_Dev/HospitalHorrorPack/Prefab/P_Lamp.prefab
  artifactKey: Guid(dc8f3955c063af240afd23143f496335) Importer(815301076,1909f56bfc062723c751e8b465ee728b)
Start importing Assets/Asset/Dnk_Dev/HospitalHorrorPack/Prefab/P_Lamp.prefab using Guid(dc8f3955c063af240afd23143f496335) Importer(815301076,1909f56bfc062723c751e8b465ee728b)  -> (artifact id: '34e298b2113f63816a744df41ca794d5') in 0.100902 seconds 
========================================================================
Received Import Request.
  Time since last request: 0.000296 seconds.
  path: Assets/Asset/Dnk_Dev/HospitalHorrorPack/Prefab/P_Floor_02.prefab
  artifactKey: Guid(695e9c39c231cfa41a135e68073a9772) Importer(815301076,1909f56bfc062723c751e8b465ee728b)
Start importing Assets/Asset/Dnk_Dev/HospitalHorrorPack/Prefab/P_Floor_02.prefab using Guid(695e9c39c231cfa41a135e68073a9772) Importer(815301076,1909f56bfc062723c751e8b465ee728b)  -> (artifact id: 'b1a90b4147d943b5021dae0cab927283') in 0.056129 seconds 
========================================================================
Received Import Request.
  Time since last request: 0.000021 seconds.
  path: Assets/Asset/Dnk_Dev/HospitalHorrorPack/Prefab/P_Bed_01.prefab
  artifactKey: Guid(2ca85dfd1a5ba8d45b36c20053b13142) Importer(815301076,1909f56bfc062723c751e8b465ee728b)
Start importing Assets/Asset/Dnk_Dev/HospitalHorrorPack/Prefab/P_Bed_01.prefab using Guid(2ca85dfd1a5ba8d45b36c20053b13142) Importer(815301076,1909f56bfc062723c751e8b465ee728b)  -> (artifact id: '85ef1427fc9f5b891e3084ee7c34a744') in 0.223009 seconds 
========================================================================
Received Import Request.
  Time since last request: 0.000261 seconds.
  path: Assets/Asset/Dnk_Dev/HospitalHorrorPack/Prefab/P_Floor_01.prefab
  artifactKey: Guid(b826295956c65444987d7baae67c5858) Importer(815301076,1909f56bfc062723c751e8b465ee728b)
Start importing Assets/Asset/Dnk_Dev/HospitalHorrorPack/Prefab/P_Floor_01.prefab using Guid(b826295956c65444987d7baae67c5858) Importer(815301076,1909f56bfc062723c751e8b465ee728b)  -> (artifact id: '4e3d4c895dd671f89369c855a59104c2') in 0.060488 seconds 
========================================================================
Received Import Request.
  Time since last request: 0.000024 seconds.
  path: Assets/Asset/Dnk_Dev/HospitalHorrorPack/Prefab/P_BedBedding.prefab
  artifactKey: Guid(73dd7a893b9f3b547a73fc800af96e4f) Importer(815301076,1909f56bfc062723c751e8b465ee728b)
Start importing Assets/Asset/Dnk_Dev/HospitalHorrorPack/Prefab/P_BedBedding.prefab using Guid(73dd7a893b9f3b547a73fc800af96e4f) Importer(815301076,1909f56bfc062723c751e8b465ee728b)  -> (artifact id: 'ca3976a9a003a24b1886d8e17d5b9c57') in 0.497468 seconds 
========================================================================
Received Import Request.
  Time since last request: 0.000082 seconds.
  path: Assets/Doors/Prefabs/door_frame.prefab
  artifactKey: Guid(e5860c25af9af8b49bd5df070e4c9ce9) Importer(815301076,1909f56bfc062723c751e8b465ee728b)
Start importing Assets/Doors/Prefabs/door_frame.prefab using Guid(e5860c25af9af8b49bd5df070e4c9ce9) Importer(815301076,1909f56bfc062723c751e8b465ee728b)  -> (artifact id: '558d1ac8d29e2bd64f534a6e1a8d13ed') in 0.042101 seconds 
========================================================================
Received Import Request.
  Time since last request: 0.000044 seconds.
  path: Assets/Asset/Dnk_Dev/HospitalHorrorPack/Prefab/P_Column_01.prefab
  artifactKey: Guid(65968727b1724da49a554ba4d50f4ad4) Importer(815301076,1909f56bfc062723c751e8b465ee728b)
Start importing Assets/Asset/Dnk_Dev/HospitalHorrorPack/Prefab/P_Column_01.prefab using Guid(65968727b1724da49a554ba4d50f4ad4) Importer(815301076,1909f56bfc062723c751e8b465ee728b)  -> (artifact id: '45666da3710059ab94affde111835072') in 0.047470 seconds 
========================================================================
Received Import Request.
  Time since last request: 0.000026 seconds.
  path: Assets/Doors/Models/door.FBX
  artifactKey: Guid(e6742bcf1c6e53248b7eca542e7c70e6) Importer(815301076,1909f56bfc062723c751e8b465ee728b)
Start importing Assets/Doors/Models/door.FBX using Guid(e6742bcf1c6e53248b7eca542e7c70e6) Importer(815301076,1909f56bfc062723c751e8b465ee728b)  -> (artifact id: '235f8a7e474a7a74d77ee9389a569b33') in 0.044387 seconds 
========================================================================
Received Import Request.
  Time since last request: 0.000371 seconds.
  path: Assets/Doors/Prefabs/door.prefab
  artifactKey: Guid(c3a2e9c7a879b7d41b29957e6f9ed6c0) Importer(815301076,1909f56bfc062723c751e8b465ee728b)
Start importing Assets/Doors/Prefabs/door.prefab using Guid(c3a2e9c7a879b7d41b29957e6f9ed6c0) Importer(815301076,1909f56bfc062723c751e8b465ee728b)  -> (artifact id: '007845789130bcf778c1913ca3a65d13') in 0.038597 seconds 
========================================================================
Received Import Request.
  Time since last request: 0.000209 seconds.
  path: Assets/Asset/Dnk_Dev/HospitalHorrorPack/Prefab/P_Door_01_Base.prefab
  artifactKey: Guid(6d0f69892e260164b9b56372f7556fdb) Importer(815301076,1909f56bfc062723c751e8b465ee728b)
Start importing Assets/Asset/Dnk_Dev/HospitalHorrorPack/Prefab/P_Door_01_Base.prefab using Guid(6d0f69892e260164b9b56372f7556fdb) Importer(815301076,1909f56bfc062723c751e8b465ee728b)  -> (artifact id: 'd6609b5600168b1bb005c5ed31c2ec9c') in 0.056832 seconds 
========================================================================
Received Import Request.
  Time since last request: 0.000027 seconds.
  path: Assets/Asset/Dnk_Dev/HospitalHorrorPack/Prefab/P_Module_DoorRoom_02.prefab
  artifactKey: Guid(78dc1f2f7ef70c74a8ecfc380bab48be) Importer(815301076,1909f56bfc062723c751e8b465ee728b)
Start importing Assets/Asset/Dnk_Dev/HospitalHorrorPack/Prefab/P_Module_DoorRoom_02.prefab using Guid(78dc1f2f7ef70c74a8ecfc380bab48be) Importer(815301076,1909f56bfc062723c751e8b465ee728b)  -> (artifact id: '73af2ecfe4c1b211e57a5e85e180de7d') in 0.091391 seconds 
========================================================================
Received Import Request.
  Time since last request: 0.000248 seconds.
  path: Assets/Adventure_Character/Prefabs/Man_03.prefab
  artifactKey: Guid(da1203547328fdb41974e0b5334e799a) Importer(815301076,1909f56bfc062723c751e8b465ee728b)
Start importing Assets/Adventure_Character/Prefabs/Man_03.prefab using Guid(da1203547328fdb41974e0b5334e799a) Importer(815301076,1909f56bfc062723c751e8b465ee728b)  -> (artifact id: '34a81f443aa4c936df8ef645c6d7270f') in 0.902661 seconds 
========================================================================
Received Import Request.
  Time since last request: 0.000029 seconds.
  path: Assets/Asset/Dnk_Dev/HospitalHorrorPack/Prefab/P_Med_box_01.prefab
  artifactKey: Guid(eeefdd9044a28504abd5e39c9e8fe5d0) Importer(815301076,1909f56bfc062723c751e8b465ee728b)
Start importing Assets/Asset/Dnk_Dev/HospitalHorrorPack/Prefab/P_Med_box_01.prefab using Guid(eeefdd9044a28504abd5e39c9e8fe5d0) Importer(815301076,1909f56bfc062723c751e8b465ee728b)  -> (artifact id: '4e27fca59cebb9f4fdaada51109ccc73') in 0.118806 seconds 
========================================================================
Received Import Request.
  Time since last request: 0.000379 seconds.
  path: Assets/Asset/Dnk_Dev/HospitalHorrorPack/Prefab/P_Door_01_.prefab
  artifactKey: Guid(df2f14ece3a3a0847aad4f1407b39c50) Importer(815301076,1909f56bfc062723c751e8b465ee728b)
Start importing Assets/Asset/Dnk_Dev/HospitalHorrorPack/Prefab/P_Door_01_.prefab using Guid(df2f14ece3a3a0847aad4f1407b39c50) Importer(815301076,1909f56bfc062723c751e8b465ee728b)  -> (artifact id: 'b2672f44062d0e42b3e546d2dd30cf63') in 0.080343 seconds 
========================================================================
Received Import Request.
  Time since last request: 0.000984 seconds.
  path: Assets/Asset/Dnk_Dev/HospitalHorrorPack/Prefab/P_Wall_01.prefab
  artifactKey: Guid(a73967be39a7cc74ca310e8a9d9de82d) Importer(815301076,1909f56bfc062723c751e8b465ee728b)
Start importing Assets/Asset/Dnk_Dev/HospitalHorrorPack/Prefab/P_Wall_01.prefab using Guid(a73967be39a7cc74ca310e8a9d9de82d) Importer(815301076,1909f56bfc062723c751e8b465ee728b)  -> (artifact id: '5fc9659abd951360846a4a7f55647905') in 0.071249 seconds 
========================================================================
Received Import Request.
  Time since last request: 0.000413 seconds.
  path: Assets/Doors/Models/door_frame.FBX
  artifactKey: Guid(42da40569412bf6458481d3b103563de) Importer(815301076,1909f56bfc062723c751e8b465ee728b)
Start importing Assets/Doors/Models/door_frame.FBX using Guid(42da40569412bf6458481d3b103563de) Importer(815301076,1909f56bfc062723c751e8b465ee728b)  -> (artifact id: '53b663d306375fb03dc1fa2da473dc96') in 0.042061 seconds 
========================================================================
Received Import Request.
  Time since last request: 49.077753 seconds.
  path: Assets/3_Prefab/Random A.prefab
  artifactKey: Guid(b6f66d7b2728e934a93a8cd6dd59f734) Importer(815301076,1909f56bfc062723c751e8b465ee728b)
Start importing Assets/3_Prefab/Random A.prefab using Guid(b6f66d7b2728e934a93a8cd6dd59f734) Importer(815301076,1909f56bfc062723c751e8b465ee728b)  -> (artifact id: 'fe0b931a03a6f2cdc7381e8439841add') in 0.075275 seconds 
========================================================================
Received Import Request.
  Time since last request: 0.000038 seconds.
  path: Assets/3_Prefab/Random C-1.prefab
  artifactKey: Guid(ee46b7513f1fbb84b80222b6b0f1458e) Importer(815301076,1909f56bfc062723c751e8b465ee728b)
Start importing Assets/3_Prefab/Random C-1.prefab using Guid(ee46b7513f1fbb84b80222b6b0f1458e) Importer(815301076,1909f56bfc062723c751e8b465ee728b)  -> (artifact id: 'cc87956b8dc178064c7722c2c481fb1c') in 0.093940 seconds 
========================================================================
Received Import Request.
  Time since last request: 0.000068 seconds.
  path: Assets/Asset/Dnk_Dev/HospitalHorrorPack/Models/SM_Door_01.obj
  artifactKey: Guid(8c088c51437f8e84c8ccf368945d30c0) Importer(815301076,1909f56bfc062723c751e8b465ee728b)
Start importing Assets/Asset/Dnk_Dev/HospitalHorrorPack/Models/SM_Door_01.obj using Guid(8c088c51437f8e84c8ccf368945d30c0) Importer(815301076,1909f56bfc062723c751e8b465ee728b)  -> (artifact id: 'd1da1451c038b191fff7056cbaf34cf9') in 0.112362 seconds 
========================================================================
Received Import Request.
  Time since last request: 0.000026 seconds.
  path: Assets/Asset/Dnk_Dev/HospitalHorrorPack/Models/SM_BedBedding_01.obj
  artifactKey: Guid(92a399879ec49094b8bd5109dd1d830e) Importer(815301076,1909f56bfc062723c751e8b465ee728b)
Start importing Assets/Asset/Dnk_Dev/HospitalHorrorPack/Models/SM_BedBedding_01.obj using Guid(92a399879ec49094b8bd5109dd1d830e) Importer(815301076,1909f56bfc062723c751e8b465ee728b)  -> (artifact id: 'f80f266b700c127bec7bde9649c9ef0f') in 0.130478 seconds 
========================================================================
Received Import Request.
  Time since last request: 0.000649 seconds.
  path: Assets/Asset/Dnk_Dev/HospitalHorrorPack/Models/SM_Column_01.FBX
  artifactKey: Guid(9287a4cf151cef34fb2bf51cfb3565a7) Importer(815301076,1909f56bfc062723c751e8b465ee728b)
Start importing Assets/Asset/Dnk_Dev/HospitalHorrorPack/Models/SM_Column_01.FBX using Guid(9287a4cf151cef34fb2bf51cfb3565a7) Importer(815301076,1909f56bfc062723c751e8b465ee728b)  -> (artifact id: 'bc6a230a8ee85324b3730990131598e5') in 0.057318 seconds 
========================================================================
Received Import Request.
  Time since last request: 0.000024 seconds.
  path: Assets/3_Prefab/Random C.prefab
  artifactKey: Guid(aa70548740d9f8841a99268952595612) Importer(815301076,1909f56bfc062723c751e8b465ee728b)
Start importing Assets/3_Prefab/Random C.prefab using Guid(aa70548740d9f8841a99268952595612) Importer(815301076,1909f56bfc062723c751e8b465ee728b)  -> (artifact id: '7785260ae99bc716049fd9d4166a87cb') in 0.083926 seconds 
========================================================================
Received Import Request.
  Time since last request: 0.000023 seconds.
  path: Assets/Asset/Dnk_Dev/HospitalHorrorPack/Models/SM_Bed_01.obj
  artifactKey: Guid(b47f5c9ac3a4adc4582f259efbe3c8e5) Importer(815301076,1909f56bfc062723c751e8b465ee728b)
Start importing Assets/Asset/Dnk_Dev/HospitalHorrorPack/Models/SM_Bed_01.obj using Guid(b47f5c9ac3a4adc4582f259efbe3c8e5) Importer(815301076,1909f56bfc062723c751e8b465ee728b)  -> (artifact id: '3e52251d2669a8e50997ae546fcfa86f') in 0.069726 seconds 
========================================================================
Received Import Request.
  Time since last request: 0.002254 seconds.
  path: Assets/Asset/Dnk_Dev/HospitalHorrorPack/Models/SM_Floor_01.obj
  artifactKey: Guid(3565346867580db48870fbcfd66de77b) Importer(815301076,1909f56bfc062723c751e8b465ee728b)
Start importing Assets/Asset/Dnk_Dev/HospitalHorrorPack/Models/SM_Floor_01.obj using Guid(3565346867580db48870fbcfd66de77b) Importer(815301076,1909f56bfc062723c751e8b465ee728b)  -> (artifact id: 'dfe571c640c8cafd0300645d5c12990d') in 0.044978 seconds 
========================================================================
Received Import Request.
  Time since last request: 0.156469 seconds.
  path: Assets/Asset/Dnk_Dev/HospitalHorrorPack/Models/SM_Lamp.obj
  artifactKey: Guid(99d1229755c80d54d975792177cdddee) Importer(815301076,1909f56bfc062723c751e8b465ee728b)
Start importing Assets/Asset/Dnk_Dev/HospitalHorrorPack/Models/SM_Lamp.obj using Guid(99d1229755c80d54d975792177cdddee) Importer(815301076,1909f56bfc062723c751e8b465ee728b)  -> (artifact id: '8d3a5447e4fefa8ac17002ab89a6eaba') in 0.055772 seconds 
========================================================================
Received Import Request.
  Time since last request: 0.000031 seconds.
  path: Assets/Asset/Dnk_Dev/HospitalHorrorPack/Models/SM_Wall_01.obj
  artifactKey: Guid(220440116ec5d2f4fa6d4c4b8a9e095b) Importer(815301076,1909f56bfc062723c751e8b465ee728b)
Start importing Assets/Asset/Dnk_Dev/HospitalHorrorPack/Models/SM_Wall_01.obj using Guid(220440116ec5d2f4fa6d4c4b8a9e095b) Importer(815301076,1909f56bfc062723c751e8b465ee728b)  -> (artifact id: '67ab351c702ccfa19b5dc9d74494bb33') in 0.111209 seconds 
========================================================================
Received Import Request.
  Time since last request: 0.000727 seconds.
  path: Assets/3_Prefab/Tile A-1.prefab
  artifactKey: Guid(6cb61da7a2f0c3640a01a6ed3cefc094) Importer(815301076,1909f56bfc062723c751e8b465ee728b)
Start importing Assets/3_Prefab/Tile A-1.prefab using Guid(6cb61da7a2f0c3640a01a6ed3cefc094) Importer(815301076,1909f56bfc062723c751e8b465ee728b)  -> (artifact id: '3335ad92fd762c238b9c2dc860ccc978') in 0.068370 seconds 
========================================================================
Received Import Request.
  Time since last request: 0.000034 seconds.
  path: Assets/3_Prefab/Wall A.prefab
  artifactKey: Guid(dab339efe39065a43b85e110f4fb8346) Importer(815301076,1909f56bfc062723c751e8b465ee728b)
Start importing Assets/3_Prefab/Wall A.prefab using Guid(dab339efe39065a43b85e110f4fb8346) Importer(815301076,1909f56bfc062723c751e8b465ee728b)  -> (artifact id: 'e017a41c62d8ade71dc8dfa2b71408b6') in 0.097087 seconds 
========================================================================
Received Import Request.
  Time since last request: 0.000090 seconds.
  path: Assets/3_Prefab/Tile B 4x4.prefab
  artifactKey: Guid(df370900f9e3a9148a3252769ff3b4d7) Importer(815301076,1909f56bfc062723c751e8b465ee728b)
Start importing Assets/3_Prefab/Tile B 4x4.prefab using Guid(df370900f9e3a9148a3252769ff3b4d7) Importer(815301076,1909f56bfc062723c751e8b465ee728b)  -> (artifact id: 'cb76a782ab85a9d8bb3641b4253fb104') in 0.116103 seconds 
========================================================================
Received Import Request.
  Time since last request: 0.345812 seconds.
  path: Assets/3_Prefab/Wall A-1.prefab
  artifactKey: Guid(7a3063badc2b55c4c823625b13db0d39) Importer(815301076,1909f56bfc062723c751e8b465ee728b)
Start importing Assets/3_Prefab/Wall A-1.prefab using Guid(7a3063badc2b55c4c823625b13db0d39) Importer(815301076,1909f56bfc062723c751e8b465ee728b)  -> (artifact id: '3078c0e7f6a25933e666fb08bef90485') in 0.054398 seconds 
========================================================================
Received Import Request.
  Time since last request: 0.000719 seconds.
  path: Assets/3_Prefab/Wall PullUp.prefab
  artifactKey: Guid(f6f88f319320d954e9ce505cea6737d4) Importer(815301076,1909f56bfc062723c751e8b465ee728b)
Start importing Assets/3_Prefab/Wall PullUp.prefab using Guid(f6f88f319320d954e9ce505cea6737d4) Importer(815301076,1909f56bfc062723c751e8b465ee728b)  -> (artifact id: 'f2f9a7c573ab60924ddf06229215347d') in 0.027901 seconds 
========================================================================
Received Import Request.
  Time since last request: 0.011644 seconds.
  path: Assets/Zombie/Prefabs/Zombie1.prefab
  artifactKey: Guid(6dc4cf4496348884d8ee27743ae38562) Importer(815301076,1909f56bfc062723c751e8b465ee728b)
Start importing Assets/Zombie/Prefabs/Zombie1.prefab using Guid(6dc4cf4496348884d8ee27743ae38562) Importer(815301076,1909f56bfc062723c751e8b465ee728b)  -> (artifact id: '317b964728ea5261159e123471fd1e9b') in 0.225137 seconds 
========================================================================
Received Import Request.
  Time since last request: 0.000028 seconds.
  path: Assets/Zombie/FBXs/Zombie1.FBX
  artifactKey: Guid(8f7380da49034cd488ddff94b1ac35d1) Importer(815301076,1909f56bfc062723c751e8b465ee728b)
Start importing Assets/Zombie/FBXs/Zombie1.FBX using Guid(8f7380da49034cd488ddff94b1ac35d1) Importer(815301076,1909f56bfc062723c751e8b465ee728b)  -> (artifact id: 'ed0897ce784933bf90882b7065ed132a') in 0.423662 seconds 
========================================================================
Received Import Request.
  Time since last request: 0.000483 seconds.
  path: Assets/Zombie/Animations/Zombie@Z_Walk1_InPlace.FBX
  artifactKey: Guid(3fa7045af54b82c47852949257d136c7) Importer(815301076,1909f56bfc062723c751e8b465ee728b)
Start importing Assets/Zombie/Animations/Zombie@Z_Walk1_InPlace.FBX using Guid(3fa7045af54b82c47852949257d136c7) Importer(815301076,1909f56bfc062723c751e8b465ee728b)  -> (artifact id: '64c98809c37e0a3695c1c844acda1a7e') in 0.303643 seconds 
========================================================================
Received Import Request.
  Time since last request: 0.000047 seconds.
  path: Assets/Zombie/Animations/Zombie@Z_Attack.FBX
  artifactKey: Guid(631762b9a30b33a42836730a6b37d13f) Importer(815301076,1909f56bfc062723c751e8b465ee728b)
Start importing Assets/Zombie/Animations/Zombie@Z_Attack.FBX using Guid(631762b9a30b33a42836730a6b37d13f) Importer(815301076,1909f56bfc062723c751e8b465ee728b)  -> (artifact id: 'e6c23436a5156f96e642eca5fa2414da') in 0.332772 seconds 
Editor requested this worker to shutdown with reason: Scaling down because of idle timeout
AssetImportWorker is now disconnected from the server
Process exiting
Exiting without the bug reporter. Application will terminate with return code 0